1645002889200	geckodriver	INFO	Listening on 127.0.0.1:20280
1645002892286	mozrunner::runner	INFO	Running command: "D:\\system\\Mozilla Firefox\\firefox.exe" "--marionette" "--remote-debugging-port" "20281" "-no-remote" "-profile" "C:\\Users\\zjmen\\AppData\\Local\\Temp\\rust_mozprofileZDd3mg"
1645002895571	Marionette	INFO	Marionette enabled
console.warn: SearchSettings: "get: No settings file exists, new profile?" (new NotFoundError("Could not open the file at C:\\Users\\zjmen\\AppData\\Local\\Temp\\rust_mozprofileZDd3mg\\search.json.mozlz4", (void 0)))
DevTools listening on ws://localhost:20281/devtools/browser/6c42443f-8ef7-4385-a147-ffc56af6c8f3
1645002898571	Marionette	INFO	Listening on port 20286
1645002898660	RemoteAgent	WARN	TLS certificate errors will be ignored for this session
1645003546114	Marionette	INFO	Stopped listening on port 20286
console.warn: TopSitesFeed: Failed to fetch data from Contile server: NetworkError when attempting to fetch resource.

###!!! [Parent][RunMessage] Error: Channel closing: too late to send/recv, messages will be lost

leGNapga"
1645003092071	Marionette	INFO	Marionette enabled
console.warn: SearchSettings: "get: No settings file exists, new profile?" (new NotFoundError("Could not open the file at C:\\Users\\zjmen\\AppData\\Local\\Temp\\rust_mozprofileGNapga\\search.json.mozlz4", (void 0)))
DevTools listening on ws://localhost:20420/devtools/browser/62037b31-d5d1-4648-a2e6-a9f1e2a6789b
1645003094138	Marionette	INFO	Listening on port 20426
1645003094518	RemoteAgent	WARN	TLS certificate errors will be ignored for this session
1645003547379	Marionette	INFO	Stopped listening on port 20426
console.warn: TopSitesFeed: Failed to fetch data from Contile server: NetworkError when attempting to fetch resource.

###!!! [Parent][RunMessage] Error: Channel closing: too late to send/recv, messages will be lost

1645003687915	geckodriver	INFO	Listening on 127.0.0.1:24123
1645003691008	mozrunner::runner	INFO	Running command: "D:\\system\\Mozilla Firefox\\firefox.exe" "--marionette" "--remote-debugging-port" "24124" "-no-remote" "-profile" "C:\\Users\\zjmen\\AppData\\Local\\Temp\\rust_mozprofilexesyVl"
1645003691491	Marionette	INFO	Marionette enabled
console.warn: SearchSettings: "get: No settings file exists, new profile?" (new NotFoundError("Could not open the file at C:\\Users\\zjmen\\AppData\\Local\\Temp\\rust_mozprofilexesyVl\\search.json.mozlz4", (void 0)))
DevTools listening on ws://localhost:24124/devtools/browser/8ddc775f-ea14-4acd-9daa-5d16f36db038
1645003693763	Marionette	INFO	Listening on port 24130
1645003694192	RemoteAgent	WARN	TLS certificate errors will be ignored for this session
1645003721682	Marionette	INFO	Stopped listening on port 24130
console.warn: TopSitesFeed: Failed to fetch data from Contile server: NetworkError when attempting to fetch resource.

###!!! [Parent][RunMessage] Error: Channel closing: too late to send/recv, messages will be lost

1645081603161	geckodriver	INFO	Listening on 127.0.0.1:37737
1645081605809	mozrunner::runner	INFO	Running command: "D:\\system\\Mozilla Firefox\\firefox.exe" "--marionette" "--remote-debugging-port" "37738" "-no-remote" "-profile" "C:\\Users\\zjmen\\AppData\\Local\\Temp\\rust_mozprofileg4rceU"
1645081606266	Marionette	INFO	Marionette enabled
console.warn: SearchSettings: "get: No settings file exists, new profile?" (new NotFoundError("Could not open the file at C:\\Users\\zjmen\\AppData\\Local\\Temp\\rust_mozprofileg4rceU\\search.json.mozlz4", (void 0)))
DevTools listening on ws://localhost:37738/devtools/browser/078d50d4-6073-432c-9050-3ce34c02ed3b
1645081608504	Marionette	INFO	Listening on port 37746
1645081608987	RemoteAgent	WARN	TLS certificate errors will be ignored for this session
1645081680021	Marionette	INFO	Stopped listening on port 37746
console.warn: TopSitesFeed: Failed to fetch data from Contile server: NetworkError when attempting to fetch resource.

###!!! [Parent][RunMessage] Error: Channel closing: too late to send/recv, messages will be lost

1645083449971	geckodriver	INFO	Listening on 127.0.0.1:38465
1645083453080	mozrunner::runner	INFO	Running command: "D:\\system\\Mozilla Firefox\\firefox.exe" "--marionette" "--remote-debugging-port" "38466" "-no-remote" "-profile" "C:\\Users\\zjmen\\AppData\\Local\\Temp\\rust_mozprofileyaAFBQ"
1645083453497	Marionette	INFO	Marionette enabled
console.warn: SearchSettings: "get: No settings file exists, new profile?" (new NotFoundError("Could not open the file at C:\\Users\\zjmen\\AppData\\Local\\Temp\\rust_mozprofileyaAFBQ\\search.json.mozlz4", (void 0)))
DevTools listening on ws://localhost:38466/devtools/browser/602a6330-930b-47b0-8919-ca90c5a9e298
1645083455670	Marionette	INFO	Listening on port 38474
1645083455774	RemoteAgent	WARN	TLS certificate errors will be ignored for this session
1645083457247	Marionette	INFO	Stopped listening on port 38474
console.warn: TopSitesFeed: Failed to fetch data from Contile server: NetworkError when attempting to fetch resource.

###!!! [Parent][RunMessage] Error: Channel closing: too late to send/recv, messages will be lost

1645083513446	geckodriver	INFO	Listening on 127.0.0.1:38535
1645083516571	mozrunner::runner	INFO	Running command: "D:\\system\\Mozilla Firefox\\firefox.exe" "--marionette" "--remote-debugging-port" "38536" "-no-remote" "-profile" "C:\\Users\\zjmen\\AppData\\Local\\Temp\\rust_mozprofilekUJHgM"
1645083516943	Marionette	INFO	Marionette enabled
console.warn: SearchSettings: "get: No settings file exists, new profile?" (new NotFoundError("Could not open the file at C:\\Users\\zjmen\\AppData\\Local\\Temp\\rust_mozprofilekUJHgM\\search.json.mozlz4", (void 0)))
DevTools listening on ws://localhost:38536/devtools/browser/01c1df93-a261-4ff9-9a57-318ece6b6ece
1645083518989	Marionette	INFO	Listening on port 38541
1645083519232	RemoteAgent	WARN	TLS certificate errors will be ignored for this session
1645083519434	Marionette	INFO	Stopped listening on port 38541

###!!! [Parent][RunMessage] Error: Channel closing: too late to send/recv, messages will be lost

1645092774507	geckodriver	INFO	Listening on 127.0.0.1:45312
1645092777579	mozrunner::runner	INFO	Running command: "D:\\system\\Mozilla Firefox\\firefox.exe" "--marionette" "--remote-debugging-port" "45313" "-no-remote" "-profile" "C:\\Users\\zjmen\\AppData\\Local\\Temp\\rust_mozprofileLlQc3i"
1645092777923	Marionette	INFO	Marionette enabled
console.warn: SearchSettings: "get: No settings file exists, new profile?" (new NotFoundError("Could not open the file at C:\\Users\\zjmen\\AppData\\Local\\Temp\\rust_mozprofileLlQc3i\\search.json.mozlz4", (void 0)))
DevTools listening on ws://localhost:45313/devtools/browser/6cdabb2c-0e77-4afd-8669-fb219dd0dfa7
1645092780044	Marionette	INFO	Listening on port 45320
1645092780235	RemoteAgent	WARN	TLS certificate errors will be ignored for this session
1645092786767	Marionette	INFO	Stopped listening on port 45320
1645092962590	geckodriver	INFO	Listening on 127.0.0.1:45450
1645092965675	mozrunner::runner	INFO	Running command: "D:\\system\\Mozilla Firefox\\firefox.exe" "--marionette" "--remote-debugging-port" "45451" "-no-remote" "-profile" "C:\\Users\\zjmen\\AppData\\Local\\Temp\\rust_mozprofileLuL6kn"
1645092966010	Marionette	INFO	Marionette enabled
console.warn: SearchSettings: "get: No settings file exists, new profile?" (new NotFoundError("Could not open the file at C:\\Users\\zjmen\\AppData\\Local\\Temp\\rust_mozprofileLuL6kn\\search.json.mozlz4", (void 0)))
DevTools listening on ws://localhost:45451/devtools/browser/63b8eeb7-369a-41be-abab-4f9eddb120d5
1645092968079	Marionette	INFO	Listening on port 45457
1645092968369	RemoteAgent	WARN	TLS certificate errors will be ignored for this session
1645092974949	Marionette	INFO	Stopped listening on port 45457

###!!! [Parent][RunMessage] Error: Channel closing: too late to send/recv, messages will be lost

1645093073363	geckodriver	INFO	Listening on 127.0.0.1:45549
1645093076425	mozrunner::runner	INFO	Running command: "D:\\system\\Mozilla Firefox\\firefox.exe" "--marionette" "--remote-debugging-port" "45550" "-no-remote" "-profile" "C:\\Users\\zjmen\\AppData\\Local\\Temp\\rust_mozprofileDmnXTE"
1645093076753	Marionette	INFO	Marionette enabled
console.warn: SearchSettings: "get: No settings file exists, new profile?" (new NotFoundError("Could not open the file at C:\\Users\\zjmen\\AppData\\Local\\Temp\\rust_mozprofileDmnXTE\\search.json.mozlz4", (void 0)))
DevTools listening on ws://localhost:45550/devtools/browser/0392b17c-6df1-494f-8c6b-063dc8eca8be
1645093078873	Marionette	INFO	Listening on port 45556
1645093079109	RemoteAgent	WARN	TLS certificate errors will be ignored for this session
1645093079295	Marionette	INFO	Stopped listening on port 45556

###!!! [Parent][RunMessage] Error: Channel closing: too late to send/recv, messages will be lost

1645328563772	geckodriver	INFO	Listening on 127.0.0.1:1281
1645328566758	mozrunner::runner	INFO	Running command: "D:\\system\\Mozilla Firefox\\firefox.exe" "--marionette" "--remote-debugging-port" "1282" "-no-remote" "-profile" "C:\\Users\\zjmen\\AppData\\Local\\Temp\\rust_mozprofilevZQAwL"
1645328568296	Marionette	INFO	Marionette enabled
console.warn: SearchSettings: "get: No settings file exists, new profile?" (new NotFoundError("Could not open the file at C:\\Users\\zjmen\\AppData\\Local\\Temp\\rust_mozprofilevZQAwL\\search.json.mozlz4", (void 0)))
DevTools listening on ws://localhost:1282/devtools/browser/9f78d3be-eff8-4d6c-93ed-9fd7720e5e82
1645328572085	Marionette	INFO	Listening on port 1289
1645328572114	RemoteAgent	WARN	TLS certificate errors will be ignored for this session
1645328572270	Marionette	INFO	Stopped listening on port 1289
JavaScript error: resource://gre/modules/AsyncShutdown.jsm, line 575: AbortError: Actor 'Conduits' destroyed before query 'RunListener' was resolved

###!!! [Parent][RunMessage] Error: Channel closing: too late to send/recv, messages will be lost

1645333815724	geckodriver	INFO	Listening on 127.0.0.1:2433
1645333818797	mozrunner::runner	INFO	Running command: "D:\\system\\Mozilla Firefox\\firefox.exe" "--marionette" "--remote-debugging-port" "2434" "-no-remote" "-profile" "C:\\Users\\zjmen\\AppData\\Local\\Temp\\rust_mozprofile6DdzL3"
1645333819200	Marionette	INFO	Marionette enabled
console.warn: SearchSettings: "get: No settings file exists, new profile?" (new NotFoundError("Could not open the file at C:\\Users\\zjmen\\AppData\\Local\\Temp\\rust_mozprofile6DdzL3\\search.json.mozlz4", (void 0)))
DevTools listening on ws://localhost:2434/devtools/browser/9147ab0c-db28-4551-890f-0d0aced6e11f
1645333821180	Marionette	INFO	Listening on port 2440
1645333821485	RemoteAgent	WARN	TLS certificate errors will be ignored for this session
1645333821580	Marionette	INFO	Stopped listening on port 2440
console.error: services.settings: 
  main/query-stripping Signature failed  TypeError: NetworkError: Network request failed
1645334090370	geckodriver	INFO	Listening on 127.0.0.1:2578
1645334093462	mozrunner::runner	INFO	Running command: "D:\\system\\Mozilla Firefox\\firefox.exe" "--marionette" "--remote-debugging-port" "2579" "-no-remote" "-profile" "C:\\Users\\zjmen\\AppData\\Local\\Temp\\rust_mozprofiledoE1H9"
1645334093777	Marionette	INFO	Marionette enabled
console.warn: SearchSettings: "get: No settings file exists, new profile?" (new NotFoundError("Could not open the file at C:\\Users\\zjmen\\AppData\\Local\\Temp\\rust_mozprofiledoE1H9\\search.json.mozlz4", (void 0)))
DevTools listening on ws://localhost:2579/devtools/browser/ddd7b40b-e036-433e-b0af-82b7dad4a63c
1645334095681	Marionette	INFO	Listening on port 2584
1645334096136	RemoteAgent	WARN	TLS certificate errors will be ignored for this session
1645334096219	Marionette	INFO	Stopped listening on port 2584

###!!! [Parent][RunMessage] Error: Channel closing: too late to send/recv, messages will be lost

1645336598642	geckodriver	INFO	Listening on 127.0.0.1:1156
1645336601724	mozrunner::runner	INFO	Running command: "D:\\system\\Mozilla Firefox\\firefox.exe" "--marionette" "--remote-debugging-port" "1157" "-no-remote" "-profile" "C:\\Users\\zjmen\\AppData\\Local\\Temp\\rust_mozprofilexHwZHz"
1645336602070	Marionette	INFO	Marionette enabled
console.warn: SearchSettings: "get: No settings file exists, new profile?" (new NotFoundError("Could not open the file at C:\\Users\\zjmen\\AppData\\Local\\Temp\\rust_mozprofilexHwZHz\\search.json.mozlz4", (void 0)))
DevTools listening on ws://localhost:1157/devtools/browser/a911d6a2-c93a-41cb-936a-e3d972d7a97d
1645336604223	Marionette	INFO	Listening on port 1162
1645336604408	RemoteAgent	WARN	TLS certificate errors will be ignored for this session
1645336604537	Marionette	INFO	Stopped listening on port 1162

###!!! [Parent][RunMessage] Error: Channel closing: too late to send/recv, messages will be lost

1645336622645	geckodriver	INFO	Listening on 127.0.0.1:1203
1645336625773	mozrunner::runner	INFO	Running command: "D:\\system\\Mozilla Firefox\\firefox.exe" "--marionette" "--remote-debugging-port" "1204" "-no-remote" "-profile" "C:\\Users\\zjmen\\AppData\\Local\\Temp\\rust_mozprofileVfqC6z"
1645336626154	Marionette	INFO	Marionette enabled
console.warn: SearchSettings: "get: No settings file exists, new profile?" (new NotFoundError("Could not open the file at C:\\Users\\zjmen\\AppData\\Local\\Temp\\rust_mozprofileVfqC6z\\search.json.mozlz4", (void 0)))
DevTools listening on ws://localhost:1204/devtools/browser/f371b7d8-e95d-486b-9f0a-48ebd5b0b735
1645336628201	Marionette	INFO	Listening on port 1211
1645336628456	RemoteAgent	WARN	TLS certificate errors will be ignored for this session
1645336628687	Marionette	INFO	Stopped listening on port 1211
console.error: services.settings: 
  main/query-stripping Signature failed  TypeError: NetworkError: Network request failed

###!!! [Parent][RunMessage] Error: Channel closing: too late to send/recv, messages will be lost

1645337972254	geckodriver	INFO	Listening on 127.0.0.1:30833
1645337975338	mozrunner::runner	INFO	Running command: "D:\\system\\Mozilla Firefox\\firefox.exe" "--marionette" "--remote-debugging-port" "30834" "-no-remote" "-profile" "C:\\Users\\zjmen\\AppData\\Local\\Temp\\rust_mozprofileUKU2vs"
1645337975645	Marionette	INFO	Marionette enabled
console.warn: SearchSettings: "get: No settings file exists, new profile?" (new NotFoundError("Could not open the file at C:\\Users\\zjmen\\AppData\\Local\\Temp\\rust_mozprofileUKU2vs\\search.json.mozlz4", (void 0)))
DevTools listening on ws://localhost:30834/devtools/browser/96dd719f-4df4-4a25-b770-07071e074a5f
1645337977601	Marionette	INFO	Listening on port 30839
1645337978006	RemoteAgent	WARN	TLS certificate errors will be ignored for this session
1645337978195	Marionette	INFO	Stopped listening on port 30839
console.error: services.settings: 
  main/query-stripping Signature failed  TypeError: NetworkError: Network request failed

###!!! [Parent][RunMessage] Error: Channel closing: too late to send/recv, messages will be lost

1645338036231	geckodriver	INFO	Listening on 127.0.0.1:1076
1645338039349	mozrunner::runner	INFO	Running command: "D:\\system\\Mozilla Firefox\\firefox.exe" "--marionette" "--remote-debugging-port" "1077" "-no-remote" "-profile" "C:\\Users\\zjmen\\AppData\\Local\\Temp\\rust_mozprofileqaXQsG"
1645338039699	Marionette	INFO	Marionette enabled
console.warn: SearchSettings: "get: No settings file exists, new profile?" (new NotFoundError("Could not open the file at C:\\Users\\zjmen\\AppData\\Local\\Temp\\rust_mozprofileqaXQsG\\search.json.mozlz4", (void 0)))
DevTools listening on ws://localhost:1077/devtools/browser/dbd0be74-398f-4b3c-a05b-16c9da198b12
1645338041662	Marionette	INFO	Listening on port 1083
1645338042035	RemoteAgent	WARN	TLS certificate errors will be ignored for this session
1645338042216	Marionette	INFO	Stopped listening on port 1083

###!!! [Parent][RunMessage] Error: Channel closing: too late to send/recv, messages will be lost

1645338058628	geckodriver	INFO	Listening on 127.0.0.1:1118
1645338061718	mozrunner::runner	INFO	Running command: "D:\\system\\Mozilla Firefox\\firefox.exe" "--marionette" "--remote-debugging-port" "1119" "-no-remote" "-profile" "C:\\Users\\zjmen\\AppData\\Local\\Temp\\rust_mozprofileks0vcT"
1645338062053	Marionette	INFO	Marionette enabled
console.warn: SearchSettings: "get: No settings file exists, new profile?" (new NotFoundError("Could not open the file at C:\\Users\\zjmen\\AppData\\Local\\Temp\\rust_mozprofileks0vcT\\search.json.mozlz4", (void 0)))
DevTools listening on ws://localhost:1119/devtools/browser/b432f3e7-3eeb-47c9-9b64-2fbf375cc49c
1645338064071	Marionette	INFO	Listening on port 1125
1645338064392	RemoteAgent	WARN	TLS certificate errors will be ignored for this session
1645338064546	Marionette	INFO	Stopped listening on port 1125
console.error: services.settings: 
  main/query-stripping Signature failed  TypeError: NetworkError: Network request failed

###!!! [Parent][RunMessage] Error: Channel closing: too late to send/recv, messages will be lost

1645339994533	geckodriver	INFO	Listening on 127.0.0.1:1724
1645339997616	mozrunner::runner	INFO	Running command: "D:\\system\\Mozilla Firefox\\firefox.exe" "--marionette" "--remote-debugging-port" "1725" "-no-remote" "-profile" "C:\\Users\\zjmen\\AppData\\Local\\Temp\\rust_mozprofileFVuOOP"
1645340026892	geckodriver	INFO	Listening on 127.0.0.1:1824
1645340029971	mozrunner::runner	INFO	Running command: "D:\\system\\Mozilla Firefox\\firefox.exe" "--marionette" "--remote-debugging-port" "1825" "-no-remote" "-profile" "C:\\Users\\zjmen\\AppData\\Local\\Temp\\rust_mozprofileR2G8H3"
1645340030326	Marionette	INFO	Marionette enabled
console.warn: SearchSettings: "get: No settings file exists, new profile?" (new NotFoundError("Could not open the file at C:\\Users\\zjmen\\AppData\\Local\\Temp\\rust_mozprofileR2G8H3\\search.json.mozlz4", (void 0)))
DevTools listening on ws://localhost:1825/devtools/browser/d5307696-8193-4778-b467-ac5f13d9ae2f
1645340032489	Marionette	INFO	Listening on port 1830
1645340032647	RemoteAgent	WARN	TLS certificate errors will be ignored for this session
1645340032849	Marionette	INFO	Stopped listening on port 1830
console.error: services.settings: 
  main/query-stripping Signature failed  TypeError: NetworkError: Network request failed

###!!! [Parent][PGPUParent] Error: RunMessage(msgname=PGPU::Msg_ShutdownVR) Channel closing: too late to send/recv, messages will be lost

1645346328555	geckodriver	INFO	Listening on 127.0.0.1:3439
1645346331657	mozrunner::runner	INFO	Running command: "D:\\system\\Mozilla Firefox\\firefox.exe" "--marionette" "--remote-debugging-port" "3440" "-no-remote" "-profile" "C:\\Users\\zjmen\\AppData\\Local\\Temp\\rust_mozprofileAwqaTz"
1645346332012	Marionette	INFO	Marionette enabled
console.warn: SearchSettings: "get: No settings file exists, new profile?" (new NotFoundError("Could not open the file at C:\\Users\\zjmen\\AppData\\Local\\Temp\\rust_mozprofileAwqaTz\\search.json.mozlz4", (void 0)))
DevTools listening on ws://localhost:3440/devtools/browser/aec4e74a-f921-4088-8f1b-9515c61109c5
1645346334097	Marionette	INFO	Listening on port 3448
1645346334331	RemoteAgent	WARN	TLS certificate errors will be ignored for this session
1645346335541	Marionette	INFO	Stopped listening on port 3448
console.warn: TopSitesFeed: Failed to fetch data from Contile server: NetworkError when attempting to fetch resource.
console.error: Region.jsm: "Error fetching region" (new TypeError("NetworkError when attempting to fetch resource.", ""))
console.error: Region.jsm: "Failed to fetch region" (new Error("NO_RESULT", "resource://gre/modules/Region.jsm", 419))
JavaScript error: resource://gre/modules/BackgroundPageThumbs.jsm, line 732: TypeError: captureCallback is not a function
1645346409854	geckodriver	INFO	Listening on 127.0.0.1:3480
1645346412971	mozrunner::runner	INFO	Running command: "D:\\system\\Mozilla Firefox\\firefox.exe" "--marionette" "--remote-debugging-port" "3481" "-no-remote" "-profile" "C:\\Users\\zjmen\\AppData\\Local\\Temp\\rust_mozprofileCotOYP"
1645346413330	Marionette	INFO	Marionette enabled
console.warn: SearchSettings: "get: No settings file exists, new profile?" (new NotFoundError("Could not open the file at C:\\Users\\zjmen\\AppData\\Local\\Temp\\rust_mozprofileCotOYP\\search.json.mozlz4", (void 0)))
DevTools listening on ws://localhost:3481/devtools/browser/2596b431-0272-4178-8b81-d23f7fdf5236
1645346415389	Marionette	INFO	Listening on port 3486
1645346415654	RemoteAgent	WARN	TLS certificate errors will be ignored for this session
1645346416916	Marionette	INFO	Stopped listening on port 3486
console.warn: TopSitesFeed: Failed to fetch data from Contile server: NetworkError when attempting to fetch resource.
1645346470253	geckodriver	INFO	Listening on 127.0.0.1:3532
1645346473354	mozrunner::runner	INFO	Running command: "D:\\system\\Mozilla Firefox\\firefox.exe" "--marionette" "--remote-debugging-port" "3533" "-no-remote" "-profile" "C:\\Users\\zjmen\\AppData\\Local\\Temp\\rust_mozprofileREY3SP"
1645346473685	Marionette	INFO	Marionette enabled
console.warn: SearchSettings: "get: No settings file exists, new profile?" (new NotFoundError("Could not open the file at C:\\Users\\zjmen\\AppData\\Local\\Temp\\rust_mozprofileREY3SP\\search.json.mozlz4", (void 0)))
DevTools listening on ws://localhost:3533/devtools/browser/c6570f0b-a451-42bb-a39e-897d937da1ce
1645346475687	Marionette	INFO	Listening on port 3538
1645346476025	RemoteAgent	WARN	TLS certificate errors will be ignored for this session
1645346477272	Marionette	INFO	Stopped listening on port 3538
console.warn: TopSitesFeed: Failed to fetch data from Contile server: NetworkError when attempting to fetch resource.

###!!! [Parent][PGPUParent] Error: RunMessage(msgname=PGPU::Msg_ShutdownVR) Channel closing: too late to send/recv, messages will be lost

1645346585600	geckodriver	INFO	Listening on 127.0.0.1:3588
1645346588695	mozrunner::runner	INFO	Running command: "D:\\system\\Mozilla Firefox\\firefox.exe" "--marionette" "--remote-debugging-port" "3589" "-no-remote" "-profile" "C:\\Users\\zjmen\\AppData\\Local\\Temp\\rust_mozprofile9i4SDD"
1645346589008	Marionette	INFO	Marionette enabled
console.warn: SearchSettings: "get: No settings file exists, new profile?" (new NotFoundError("Could not open the file at C:\\Users\\zjmen\\AppData\\Local\\Temp\\rust_mozprofile9i4SDD\\search.json.mozlz4", (void 0)))
DevTools listening on ws://localhost:3589/devtools/browser/a123c007-5cf8-4e74-b0f4-c62870d9aa4c
1645346591116	Marionette	INFO	Listening on port 3595
1645346591358	RemoteAgent	WARN	TLS certificate errors will be ignored for this session
1645346592585	Marionette	INFO	Stopped listening on port 3595
1645405516664	geckodriver	INFO	Listening on 127.0.0.1:9423
1645405519673	mozrunner::runner	INFO	Running command: "D:\\system\\Mozilla Firefox\\firefox.exe" "--marionette" "--remote-debugging-port" "9424" "-no-remote" "-profile" "C:\\Users\\zjmen\\AppData\\Local\\Temp\\rust_mozprofile4gY5NW"
1645405520762	Marionette	INFO	Marionette enabled
console.warn: SearchSettings: "get: No settings file exists, new profile?" (new NotFoundError("Could not open the file at C:\\Users\\zjmen\\AppData\\Local\\Temp\\rust_mozprofile4gY5NW\\search.json.mozlz4", (void 0)))
DevTools listening on ws://localhost:9424/devtools/browser/e336727f-1dc3-4c0d-8744-49ae0689d196
1645405523604	Marionette	INFO	Listening on port 9429
1645405523859	RemoteAgent	WARN	TLS certificate errors will be ignored for this session
1645405525111	Marionette	INFO	Stopped listening on port 9429

###!!! [Parent][PGPUParent] Error: RunMessage(msgname=PGPU::Msg_ShutdownVR) Channel closing: too late to send/recv, messages will be lost

1645405597064	geckodriver	INFO	Listening on 127.0.0.1:9487
1645405600184	mozrunner::runner	INFO	Running command: "D:\\system\\Mozilla Firefox\\firefox.exe" "--marionette" "--remote-debugging-port" "9488" "-no-remote" "-profile" "C:\\Users\\zjmen\\AppData\\Local\\Temp\\rust_mozprofiletb0MNJ"
1645405600636	Marionette	INFO	Marionette enabled
console.warn: SearchSettings: "get: No settings file exists, new profile?" (new NotFoundError("Could not open the file at C:\\Users\\zjmen\\AppData\\Local\\Temp\\rust_mozprofiletb0MNJ\\search.json.mozlz4", (void 0)))
DevTools listening on ws://localhost:9488/devtools/browser/d0202b7f-d58e-4fdb-9d01-32367f88a980
1645405602718	Marionette	INFO	Listening on port 9493
1645405602873	RemoteAgent	WARN	TLS certificate errors will be ignored for this session
1645405604137	Marionette	INFO	Stopped listening on port 9493

###!!! [Parent][PGPUParent] Error: RunMessage(msgname=PGPU::Msg_ShutdownVR) Channel closing: too late to send/recv, messages will be lost

1645406586198	geckodriver	INFO	Listening on 127.0.0.1:9892
1645406589315	mozrunner::runner	INFO	Running command: "D:\\system\\Mozilla Firefox\\firefox.exe" "--marionette" "--remote-debugging-port" "9893" "-no-remote" "-profile" "C:\\Users\\zjmen\\AppData\\Local\\Temp\\rust_mozprofilee3A4HB"
1645406589741	Marionette	INFO	Marionette enabled
console.warn: SearchSettings: "get: No settings file exists, new profile?" (new NotFoundError("Could not open the file at C:\\Users\\zjmen\\AppData\\Local\\Temp\\rust_mozprofilee3A4HB\\search.json.mozlz4", (void 0)))
DevTools listening on ws://localhost:9893/devtools/browser/9f5708bb-2ce3-4809-a538-147c37b5b2e1
1645406591895	Marionette	INFO	Listening on port 9899
1645406592010	RemoteAgent	WARN	TLS certificate errors will be ignored for this session
1645406602300	Marionette	INFO	Stopped listening on port 9899
JavaScript error: resource://gre/modules/PageThumbUtils.jsm, line 38: TypeError: aWindow is null

###!!! [Parent][PGPUParent] Error: RunMessage(msgname=PGPU::Msg_ShutdownVR) Channel closing: too late to send/recv, messages will be lost

1645406695598	geckodriver	INFO	Listening on 127.0.0.1:9977
1645406698692	mozrunner::runner	INFO	Running command: "D:\\system\\Mozilla Firefox\\firefox.exe" "--marionette" "--remote-debugging-port" "9978" "-no-remote" "-profile" "C:\\Users\\zjmen\\AppData\\Local\\Temp\\rust_mozprofileVUv3GV"
1645406699130	Marionette	INFO	Marionette enabled
console.warn: SearchSettings: "get: No settings file exists, new profile?" (new NotFoundError("Could not open the file at C:\\Users\\zjmen\\AppData\\Local\\Temp\\rust_mozprofileVUv3GV\\search.json.mozlz4", (void 0)))
DevTools listening on ws://localhost:9978/devtools/browser/0bea22ea-161d-46a6-a28a-0604c3e83b24
1645406701200	Marionette	INFO	Listening on port 9983
1645406701381	RemoteAgent	WARN	TLS certificate errors will be ignored for this session
1645406711681	Marionette	INFO	Stopped listening on port 9983
JavaScript error: resource://gre/modules/PageThumbUtils.jsm, line 38: TypeError: aWindow is null

###!!! [Parent][PGPUParent] Error: RunMessage(msgname=PGPU::Msg_ShutdownVR) Channel closing: too late to send/recv, messages will be lost

1645406757549	geckodriver	INFO	Listening on 127.0.0.1:10049
1645406760641	mozrunner::runner	INFO	Running command: "D:\\system\\Mozilla Firefox\\firefox.exe" "--marionette" "--remote-debugging-port" "10050" "-no-remote" "-profile" "C:\\Users\\zjmen\\AppData\\Local\\Temp\\rust_mozprofile7IkNOD"
1645406761030	Marionette	INFO	Marionette enabled
console.warn: SearchSettings: "get: No settings file exists, new profile?" (new NotFoundError("Could not open the file at C:\\Users\\zjmen\\AppData\\Local\\Temp\\rust_mozprofile7IkNOD\\search.json.mozlz4", (void 0)))
DevTools listening on ws://localhost:10050/devtools/browser/fb5e4775-b860-4c4b-b290-7d617ce17ba0
1645406763250	Marionette	INFO	Listening on port 10055
1645406763314	RemoteAgent	WARN	TLS certificate errors will be ignored for this session
JavaScript error: resource://gre/actors/AutoCompleteChild.jsm, line 125: Error: Invalid autocomplete selectedIndex
JavaScript error: resource://gre/actors/AutoCompleteChild.jsm, line 125: Error: Invalid autocomplete selectedIndex
JavaScript error: resource://gre/modules/LoginManagerChild.jsm, line 194: NS_ERROR_XPC_JAVASCRIPT_ERROR_WITH_DETAILS: [JavaScript Error: "Invalid autocomplete selectedIndex" {file: "resource://gre/actors/AutoCompleteChild.jsm" line: 125}]'[JavaScript Error: "Invalid autocomplete selectedIndex" {file: "resource://gre/actors/AutoCompleteChild.jsm" line: 125}]' when calling method: [nsIAutoCompletePopup::selectedIndex]
console.warn: LoginRecipes: "getRecipes: falling back to a synchronous message for:" "http://localhost:8000"
1645406773575	Marionette	INFO	Stopped listening on port 10055

###!!! [Parent][PGPUParent] Error: RunMessage(msgname=PGPU::Msg_ShutdownVR) Channel closing: too late to send/recv, messages will be lost

JavaScript error: resource://gre/modules/PageThumbUtils.jsm, line 38: TypeError: aWindow is null
1645406803113	geckodriver	INFO	Listening on 127.0.0.1:10111
1645406806206	mozrunner::runner	INFO	Running command: "D:\\system\\Mozilla Firefox\\firefox.exe" "--marionette" "--remote-debugging-port" "10112" "-no-remote" "-profile" "C:\\Users\\zjmen\\AppData\\Local\\Temp\\rust_mozprofilekspzbW"
1645406806527	Marionette	INFO	Marionette enabled
console.warn: SearchSettings: "get: No settings file exists, new profile?" (new NotFoundError("Could not open the file at C:\\Users\\zjmen\\AppData\\Local\\Temp\\rust_mozprofilekspzbW\\search.json.mozlz4", (void 0)))
DevTools listening on ws://localhost:10112/devtools/browser/493ad34c-3632-4851-9c5e-f2ab6debb393
1645406808616	Marionette	INFO	Listening on port 10118
1645406808857	RemoteAgent	WARN	TLS certificate errors will be ignored for this session
JavaScript error: resource://gre/actors/AutoCompleteChild.jsm, line 125: Error: Invalid autocomplete selectedIndex
JavaScript error: resource://gre/actors/AutoCompleteChild.jsm, line 125: Error: Invalid autocomplete selectedIndex
JavaScript error: resource://gre/modules/LoginManagerChild.jsm, line 194: NS_ERROR_XPC_JAVASCRIPT_ERROR_WITH_DETAILS: [JavaScript Error: "Invalid autocomplete selectedIndex" {file: "resource://gre/actors/AutoCompleteChild.jsm" line: 125}]'[JavaScript Error: "Invalid autocomplete selectedIndex" {file: "resource://gre/actors/AutoCompleteChild.jsm" line: 125}]' when calling method: [nsIAutoCompletePopup::selectedIndex]
console.warn: LoginRecipes: "getRecipes: falling back to a synchronous message for:" "http://localhost:8000"
1645406820176	Marionette	INFO	Stopped listening on port 10118

###!!! [Parent][PGPUParent] Error: RunMessage(msgname=PGPU::Msg_ShutdownVR) Channel closing: too late to send/recv, messages will be lost

1645407059156	geckodriver	INFO	Listening on 127.0.0.1:10239
1645407062271	mozrunner::runner	INFO	Running command: "D:\\system\\Mozilla Firefox\\firefox.exe" "--marionette" "--remote-debugging-port" "10240" "-no-remote" "-profile" "C:\\Users\\zjmen\\AppData\\Local\\Temp\\rust_mozprofileRLO371"
1645407062667	Marionette	INFO	Marionette enabled
console.warn: SearchSettings: "get: No settings file exists, new profile?" (new NotFoundError("Could not open the file at C:\\Users\\zjmen\\AppData\\Local\\Temp\\rust_mozprofileRLO371\\search.json.mozlz4", (void 0)))
DevTools listening on ws://localhost:10240/devtools/browser/d71c6fd7-1778-4a47-91c1-d939e0c320ce
1645407064758	Marionette	INFO	Listening on port 10245
1645407064950	RemoteAgent	WARN	TLS certificate errors will be ignored for this session
JavaScript error: resource://gre/actors/AutoCompleteChild.jsm, line 125: Error: Invalid autocomplete selectedIndex
JavaScript error: resource://gre/actors/AutoCompleteChild.jsm, line 125: Error: Invalid autocomplete selectedIndex
JavaScript error: resource://gre/modules/LoginManagerChild.jsm, line 194: NS_ERROR_XPC_JAVASCRIPT_ERROR_WITH_DETAILS: [JavaScript Error: "Invalid autocomplete selectedIndex" {file: "resource://gre/actors/AutoCompleteChild.jsm" line: 125}]'[JavaScript Error: "Invalid autocomplete selectedIndex" {file: "resource://gre/actors/AutoCompleteChild.jsm" line: 125}]' when calling method: [nsIAutoCompletePopup::selectedIndex]
console.warn: LoginRecipes: "getRecipes: falling back to a synchronous message for:" "http://localhost:8000"
1645407066261	Marionette	INFO	Stopped listening on port 10245

###!!! [Parent][PGPUParent] Error: RunMessage(msgname=PGPU::Msg_ShutdownVR) Channel closing: too late to send/recv, messages will be lost

1645424160585	geckodriver	INFO	Listening on 127.0.0.1:15062
1645424163706	mozrunner::runner	INFO	Running command: "D:\\system\\Mozilla Firefox\\firefox.exe" "--marionette" "--remote-debugging-port" "15063" "-no-remote" "-profile" "C:\\Users\\zjmen\\AppData\\Local\\Temp\\rust_mozprofilekCCjtj"
1645424164243	Marionette	INFO	Marionette enabled
console.warn: SearchSettings: "get: No settings file exists, new profile?" (new NotFoundError("Could not open the file at C:\\Users\\zjmen\\AppData\\Local\\Temp\\rust_mozprofilekCCjtj\\search.json.mozlz4", (void 0)))
DevTools listening on ws://localhost:15063/devtools/browser/59d6e014-e443-4df2-894f-9f6a26b74e63
1645424166417	Marionette	INFO	Listening on port 15069
1645424166896	RemoteAgent	WARN	TLS certificate errors will be ignored for this session
JavaScript error: resource://gre/actors/AutoCompleteChild.jsm, line 125: Error: Invalid autocomplete selectedIndex
JavaScript error: resource://gre/actors/AutoCompleteChild.jsm, line 125: Error: Invalid autocomplete selectedIndex
JavaScript error: resource://gre/modules/LoginManagerChild.jsm, line 194: NS_ERROR_XPC_JAVASCRIPT_ERROR_WITH_DETAILS: [JavaScript Error: "Invalid autocomplete selectedIndex" {file: "resource://gre/actors/AutoCompleteChild.jsm" line: 125}]'[JavaScript Error: "Invalid autocomplete selectedIndex" {file: "resource://gre/actors/AutoCompleteChild.jsm" line: 125}]' when calling method: [nsIAutoCompletePopup::selectedIndex]
console.warn: LoginRecipes: "getRecipes: falling back to a synchronous message for:" "http://localhost:8000"
1645424168170	Marionette	INFO	Stopped listening on port 15069

###!!! [Parent][PGPUParent] Error: RunMessage(msgname=PGPU::Msg_ShutdownVR) Channel closing: too late to send/recv, messages will be lost

1645424351332	geckodriver	INFO	Listening on 127.0.0.1:15156
1645424354436	mozrunner::runner	INFO	Running command: "D:\\system\\Mozilla Firefox\\firefox.exe" "--marionette" "--remote-debugging-port" "15157" "-no-remote" "-profile" "C:\\Users\\zjmen\\AppData\\Local\\Temp\\rust_mozprofileDAZV8D"
1645424354810	Marionette	INFO	Marionette enabled
console.warn: SearchSettings: "get: No settings file exists, new profile?" (new NotFoundError("Could not open the file at C:\\Users\\zjmen\\AppData\\Local\\Temp\\rust_mozprofileDAZV8D\\search.json.mozlz4", (void 0)))
DevTools listening on ws://localhost:15157/devtools/browser/128293f8-4fb6-4feb-b91e-e7ec9938f9f9
1645424356888	Marionette	INFO	Listening on port 15163
1645424357100	RemoteAgent	WARN	TLS certificate errors will be ignored for this session
JavaScript error: resource://gre/actors/AutoCompleteChild.jsm, line 125: Error: Invalid autocomplete selectedIndex
JavaScript error: resource://gre/actors/AutoCompleteChild.jsm, line 125: Error: Invalid autocomplete selectedIndex
JavaScript error: resource://gre/modules/LoginManagerChild.jsm, line 194: NS_ERROR_XPC_JAVASCRIPT_ERROR_WITH_DETAILS: [JavaScript Error: "Invalid autocomplete selectedIndex" {file: "resource://gre/actors/AutoCompleteChild.jsm" line: 125}]'[JavaScript Error: "Invalid autocomplete selectedIndex" {file: "resource://gre/actors/AutoCompleteChild.jsm" line: 125}]' when calling method: [nsIAutoCompletePopup::selectedIndex]
console.warn: LoginRecipes: "getRecipes: falling back to a synchronous message for:" "http://localhost:8000"
1645424358430	Marionette	INFO	Stopped listening on port 15163

###!!! [Parent][PGPUParent] Error: RunMessage(msgname=PGPU::Msg_ShutdownVR) Channel closing: too late to send/recv, messages will be lost

1645424689800	geckodriver	INFO	Listening on 127.0.0.1:15465
1645424692916	mozrunner::runner	INFO	Running command: "D:\\system\\Mozilla Firefox\\firefox.exe" "--marionette" "--remote-debugging-port" "15466" "-no-remote" "-profile" "C:\\Users\\zjmen\\AppData\\Local\\Temp\\rust_mozprofileMDhY0j"
1645424693311	Marionette	INFO	Marionette enabled
console.warn: SearchSettings: "get: No settings file exists, new profile?" (new NotFoundError("Could not open the file at C:\\Users\\zjmen\\AppData\\Local\\Temp\\rust_mozprofileMDhY0j\\search.json.mozlz4", (void 0)))
DevTools listening on ws://localhost:15466/devtools/browser/91ebb5f5-cb1d-457b-8499-656abba629bf
1645424695380	Marionette	INFO	Listening on port 15474
1645424695591	RemoteAgent	WARN	TLS certificate errors will be ignored for this session
JavaScript error: resource://gre/actors/AutoCompleteChild.jsm, line 125: Error: Invalid autocomplete selectedIndex
JavaScript error: resource://gre/actors/AutoCompleteChild.jsm, line 125: Error: Invalid autocomplete selectedIndex
JavaScript error: resource://gre/modules/LoginManagerChild.jsm, line 194: NS_ERROR_XPC_JAVASCRIPT_ERROR_WITH_DETAILS: [JavaScript Error: "Invalid autocomplete selectedIndex" {file: "resource://gre/actors/AutoCompleteChild.jsm" line: 125}]'[JavaScript Error: "Invalid autocomplete selectedIndex" {file: "resource://gre/actors/AutoCompleteChild.jsm" line: 125}]' when calling method: [nsIAutoCompletePopup::selectedIndex]
console.warn: LoginRecipes: "getRecipes: falling back to a synchronous message for:" "http://localhost:8000"
1645424696937	Marionette	INFO	Stopped listening on port 15474

###!!! [Parent][PGPUParent] Error: RunMessage(msgname=PGPU::Msg_ShutdownVR) Channel closing: too late to send/recv, messages will be lost

1645424869062	geckodriver	INFO	Listening on 127.0.0.1:15587
1645424872156	mozrunner::runner	INFO	Running command: "D:\\system\\Mozilla Firefox\\firefox.exe" "--marionette" "--remote-debugging-port" "15588" "-no-remote" "-profile" "C:\\Users\\zjmen\\AppData\\Local\\Temp\\rust_mozprofile4SRIYP"
1645424872527	Marionette	INFO	Marionette enabled
console.warn: SearchSettings: "get: No settings file exists, new profile?" (new NotFoundError("Could not open the file at C:\\Users\\zjmen\\AppData\\Local\\Temp\\rust_mozprofile4SRIYP\\search.json.mozlz4", (void 0)))
DevTools listening on ws://localhost:15588/devtools/browser/20d957c3-f2bf-4cdf-a07a-1223f82ee3b0
1645424874561	Marionette	INFO	Listening on port 15593
1645424874819	RemoteAgent	WARN	TLS certificate errors will be ignored for this session
JavaScript error: resource://gre/actors/AutoCompleteChild.jsm, line 125: Error: Invalid autocomplete selectedIndex
JavaScript error: resource://gre/actors/AutoCompleteChild.jsm, line 125: Error: Invalid autocomplete selectedIndex
JavaScript error: resource://gre/modules/LoginManagerChild.jsm, line 194: NS_ERROR_XPC_JAVASCRIPT_ERROR_WITH_DETAILS: [JavaScript Error: "Invalid autocomplete selectedIndex" {file: "resource://gre/actors/AutoCompleteChild.jsm" line: 125}]'[JavaScript Error: "Invalid autocomplete selectedIndex" {file: "resource://gre/actors/AutoCompleteChild.jsm" line: 125}]' when calling method: [nsIAutoCompletePopup::selectedIndex]
console.warn: LoginRecipes: "getRecipes: falling back to a synchronous message for:" "http://localhost:8000"
1645424876134	Marionette	INFO	Stopped listening on port 15593

###!!! [Parent][PGPUParent] Error: RunMessage(msgname=PGPU::Msg_ShutdownVR) Channel closing: too late to send/recv, messages will be lost

1645424915412	geckodriver	INFO	Listening on 127.0.0.1:15646
1645424918534	mozrunner::runner	INFO	Running command: "D:\\system\\Mozilla Firefox\\firefox.exe" "--marionette" "--remote-debugging-port" "15647" "-no-remote" "-profile" "C:\\Users\\zjmen\\AppData\\Local\\Temp\\rust_mozprofileEzKovo"
1645424918921	Marionette	INFO	Marionette enabled
console.warn: SearchSettings: "get: No settings file exists, new profile?" (new NotFoundError("Could not open the file at C:\\Users\\zjmen\\AppData\\Local\\Temp\\rust_mozprofileEzKovo\\search.json.mozlz4", (void 0)))
DevTools listening on ws://localhost:15647/devtools/browser/85c5e4d0-d80e-431f-818a-10a41f1d87c2
1645424921019	Marionette	INFO	Listening on port 15652
1645424921212	RemoteAgent	WARN	TLS certificate errors will be ignored for this session
JavaScript error: resource://gre/actors/AutoCompleteChild.jsm, line 125: Error: Invalid autocomplete selectedIndex
JavaScript error: resource://gre/actors/AutoCompleteChild.jsm, line 125: Error: Invalid autocomplete selectedIndex
JavaScript error: resource://gre/modules/LoginManagerChild.jsm, line 194: NS_ERROR_XPC_JAVASCRIPT_ERROR_WITH_DETAILS: [JavaScript Error: "Invalid autocomplete selectedIndex" {file: "resource://gre/actors/AutoCompleteChild.jsm" line: 125}]'[JavaScript Error: "Invalid autocomplete selectedIndex" {file: "resource://gre/actors/AutoCompleteChild.jsm" line: 125}]' when calling method: [nsIAutoCompletePopup::selectedIndex]
console.warn: LoginRecipes: "getRecipes: falling back to a synchronous message for:" "http://localhost:8000"
1645424922518	Marionette	INFO	Stopped listening on port 15652

###!!! [Parent][PGPUParent] Error: RunMessage(msgname=PGPU::Msg_ShutdownVR) Channel closing: too late to send/recv, messages will be lost

1645424923427	geckodriver	INFO	Listening on 127.0.0.1:15689
1645424926519	mozrunner::runner	INFO	Running command: "D:\\system\\Mozilla Firefox\\firefox.exe" "--marionette" "--remote-debugging-port" "15690" "-no-remote" "-profile" "C:\\Users\\zjmen\\AppData\\Local\\Temp\\rust_mozprofileB4VRp8"
1645424926916	Marionette	INFO	Marionette enabled
console.warn: SearchSettings: "get: No settings file exists, new profile?" (new NotFoundError("Could not open the file at C:\\Users\\zjmen\\AppData\\Local\\Temp\\rust_mozprofileB4VRp8\\search.json.mozlz4", (void 0)))
DevTools listening on ws://localhost:15690/devtools/browser/db151254-defd-4c9d-ab99-20007a19d3cd
1645424929016	Marionette	INFO	Listening on port 15695
1645424929203	RemoteAgent	WARN	TLS certificate errors will be ignored for this session
JavaScript error: resource://gre/actors/AutoCompleteChild.jsm, line 125: Error: Invalid autocomplete selectedIndex
JavaScript error: resource://gre/actors/AutoCompleteChild.jsm, line 125: Error: Invalid autocomplete selectedIndex
JavaScript error: resource://gre/modules/LoginManagerChild.jsm, line 194: NS_ERROR_XPC_JAVASCRIPT_ERROR_WITH_DETAILS: [JavaScript Error: "Invalid autocomplete selectedIndex" {file: "resource://gre/actors/AutoCompleteChild.jsm" line: 125}]'[JavaScript Error: "Invalid autocomplete selectedIndex" {file: "resource://gre/actors/AutoCompleteChild.jsm" line: 125}]' when calling method: [nsIAutoCompletePopup::selectedIndex]
console.warn: LoginRecipes: "getRecipes: falling back to a synchronous message for:" "http://localhost:8000"
1645424930529	Marionette	INFO	Stopped listening on port 15695
1645425032902	geckodriver	INFO	Listening on 127.0.0.1:15761
1645425036023	mozrunner::runner	INFO	Running command: "D:\\system\\Mozilla Firefox\\firefox.exe" "--marionette" "--remote-debugging-port" "15762" "-no-remote" "-profile" "C:\\Users\\zjmen\\AppData\\Local\\Temp\\rust_mozprofile4A9rTi"
1645425036432	Marionette	INFO	Marionette enabled
console.warn: SearchSettings: "get: No settings file exists, new profile?" (new NotFoundError("Could not open the file at C:\\Users\\zjmen\\AppData\\Local\\Temp\\rust_mozprofile4A9rTi\\search.json.mozlz4", (void 0)))
DevTools listening on ws://localhost:15762/devtools/browser/69619fa3-e45b-45cd-9293-fabe9353e8ef
1645425038539	Marionette	INFO	Listening on port 15767
1645425038702	RemoteAgent	WARN	TLS certificate errors will be ignored for this session
JavaScript error: resource://gre/actors/AutoCompleteChild.jsm, line 125: Error: Invalid autocomplete selectedIndex
JavaScript error: resource://gre/actors/AutoCompleteChild.jsm, line 125: Error: Invalid autocomplete selectedIndex
JavaScript error: resource://gre/modules/LoginManagerChild.jsm, line 194: NS_ERROR_XPC_JAVASCRIPT_ERROR_WITH_DETAILS: [JavaScript Error: "Invalid autocomplete selectedIndex" {file: "resource://gre/actors/AutoCompleteChild.jsm" line: 125}]'[JavaScript Error: "Invalid autocomplete selectedIndex" {file: "resource://gre/actors/AutoCompleteChild.jsm" line: 125}]' when calling method: [nsIAutoCompletePopup::selectedIndex]
console.warn: LoginRecipes: "getRecipes: falling back to a synchronous message for:" "http://localhost:8000"
1645425040022	Marionette	INFO	Stopped listening on port 15767

###!!! [Parent][PGPUParent] Error: RunMessage(msgname=PGPU::Msg_ShutdownVR) Channel closing: too late to send/recv, messages will be lost

1645425899888	geckodriver	INFO	Listening on 127.0.0.1:16107
1645425902963	mozrunner::runner	INFO	Running command: "D:\\system\\Mozilla Firefox\\firefox.exe" "--marionette" "--remote-debugging-port" "16108" "-no-remote" "-profile" "C:\\Users\\zjmen\\AppData\\Local\\Temp\\rust_mozprofiled68aMn"
1645425903377	Marionette	INFO	Marionette enabled
console.warn: SearchSettings: "get: No settings file exists, new profile?" (new NotFoundError("Could not open the file at C:\\Users\\zjmen\\AppData\\Local\\Temp\\rust_mozprofiled68aMn\\search.json.mozlz4", (void 0)))
DevTools listening on ws://localhost:16108/devtools/browser/b510c086-d3ae-42d2-ba54-c53432f842c0
1645425905552	Marionette	INFO	Listening on port 16113
1645425905641	RemoteAgent	WARN	TLS certificate errors will be ignored for this session
JavaScript error: resource://gre/actors/AutoCompleteChild.jsm, line 125: Error: Invalid autocomplete selectedIndex
JavaScript error: resource://gre/actors/AutoCompleteChild.jsm, line 125: Error: Invalid autocomplete selectedIndex
JavaScript error: resource://gre/modules/LoginManagerChild.jsm, line 194: NS_ERROR_XPC_JAVASCRIPT_ERROR_WITH_DETAILS: [JavaScript Error: "Invalid autocomplete selectedIndex" {file: "resource://gre/actors/AutoCompleteChild.jsm" line: 125}]'[JavaScript Error: "Invalid autocomplete selectedIndex" {file: "resource://gre/actors/AutoCompleteChild.jsm" line: 125}]' when calling method: [nsIAutoCompletePopup::selectedIndex]
console.warn: LoginRecipes: "getRecipes: falling back to a synchronous message for:" "http://localhost:8000"
console.warn: LoginRecipes: "getRecipes: falling back to a synchronous message for:" "http://localhost:8000"
1645425908136	Marionette	INFO	Stopped listening on port 16113
JavaScript error: resource://gre/modules/PageThumbUtils.jsm, line 38: TypeError: aWindow is null
